<?xml version="1.0" encoding="UTF-8"?>
<!-- Generated by org.testng.reporters.JUnitReportReporter -->
<testsuite hostname="LAPTOP-5F1O7FD6" failures="0" tests="1" name="com.hrms.testcases.XlRead" time="1.006" errors="0" timestamp="2020-01-23T18:36:24 CST" skipped="0">
  <testcase classname="com.hrms.testcases.XlRead" name="excel" time="1.006"/>
</testsuite> <!-- com.hrms.testcases.XlRead -->
