<?xml version="1.0" encoding="UTF-8"?>
<!-- Generated by org.testng.reporters.JUnitReportReporter -->
<testsuite hostname="LAPTOP-5F1O7FD6" failures="0" tests="3" name="com.testcases.LoginPageTest" time="45.447" errors="0" timestamp="2020-01-20T13:10:45 CST" skipped="0">
  <testcase classname="com.testcases.LoginPageTest" name="login" time="14.835"/>
  <testcase classname="com.testcases.LoginPageTest" name="negativeLogin" time="17.676"/>
  <testcase classname="com.testcases.LoginPageTest" name="emptyPassword" time="12.936"/>
</testsuite> <!-- com.testcases.LoginPageTest -->
