<?xml version="1.0" encoding="UTF-8"?>
<!-- Generated by org.testng.reporters.JUnitReportReporter -->
<testsuite hostname="LAPTOP-5F1O7FD6" failures="0" tests="1" name="com.practice.XLReading" time="0.678" errors="0" timestamp="2020-01-25T19:17:23 CST" skipped="0">
  <testcase classname="com.practice.XLReading" name="read" time="0.678"/>
</testsuite> <!-- com.practice.XLReading -->
