<?xml version="1.0" encoding="UTF-8"?>
<!-- Generated by org.testng.reporters.JUnitReportReporter -->
<testsuite hostname="LAPTOP-5F1O7FD6" failures="0" tests="1" name="com.practice.XLAddEmployee" time="0.000" errors="0" timestamp="2020-01-25T16:51:38 CST" skipped="1">
  <testcase classname="com.practice.XLAddEmployee" name="addEmpfromXL" time="0.000">
    <skipped/>
  </testcase> <!-- addEmpfromXL -->
</testsuite> <!-- com.practice.XLAddEmployee -->
