<?xml version="1.0" encoding="UTF-8"?>
<!-- Generated by org.testng.reporters.JUnitReportReporter -->
<testsuite hostname="LAPTOP-5F1O7FD6" failures="0" tests="1" name="com.practice.ExcelWriting" time="0.838" errors="0" timestamp="2020-01-23T21:12:37 CST" skipped="0">
  <testcase classname="com.practice.ExcelWriting" name="read" time="0.838"/>
</testsuite> <!-- com.practice.ExcelWriting -->
