<?xml version="1.0" encoding="UTF-8"?>
<!-- Generated by org.testng.reporters.JUnitReportReporter -->
<testsuite hostname="LAPTOP-5F1O7FD6" failures="0" tests="1" name="com.hrms.testcases.AddEmployeePagemine" time="19.207" errors="0" timestamp="2020-01-25T21:13:35 CST" skipped="0">
  <testcase classname="com.hrms.testcases.AddEmployeePagemine" name="addEmpValidation" time="19.207"/>
</testsuite> <!-- com.hrms.testcases.AddEmployeePagemine -->
