<?xml version="1.0" encoding="UTF-8"?>
<!-- Generated by org.testng.reporters.JUnitReportReporter -->
<testsuite hostname="LAPTOP-5F1O7FD6" failures="0" tests="1" name="com.testcases.LeaveListPageTest" time="25.697" errors="0" timestamp="2020-01-19T12:23:28 CST" skipped="0">
  <testcase classname="com.testcases.LeaveListPageTest" name="leaveLabelvalidation" time="25.697"/>
</testsuite> <!-- com.testcases.LeaveListPageTest -->
