<?xml version="1.0" encoding="UTF-8"?>
<!-- Generated by org.testng.reporters.JUnitReportReporter -->
<testsuite hostname="LAPTOP-5F1O7FD6" failures="0" tests="1" name="com.practice.XlRecap" time="0.841" errors="0" timestamp="2020-01-24T11:02:21 CST" skipped="0">
  <testcase classname="com.practice.XlRecap" name="read" time="0.841"/>
</testsuite> <!-- com.practice.XlRecap -->
