<?xml version="1.0" encoding="UTF-8"?>
<!-- Generated by org.testng.reporters.JUnitReportReporter -->
<testsuite hostname="LAPTOP-5F1O7FD6" failures="0" tests="2" name="com.hrms.testcases.LeaveListPageTest" time="25.087" errors="0" timestamp="2020-01-25T21:13:35 CST" skipped="0">
  <testcase classname="com.hrms.testcases.LeaveListPageTest" name="leaveLabelvalidation1" time="13.148"/>
  <testcase classname="com.hrms.testcases.LeaveListPageTest" name="leaveLabelvalidation" time="11.939"/>
</testsuite> <!-- com.hrms.testcases.LeaveListPageTest -->
